<?xml version="1.0" encoding="UTF-8"?>
<!-- Generated by org.testng.reporters.JUnitXMLReporter -->
<testsuite ignored="3" hostname="DESKTOP-OSM8RH8" failures="1" tests="1" name="Default test(failed)" time="0.13" errors="0" timestamp="2024-02-24T11:07:20 IST">
  <testcase classname="Googledemo1.googletest1" name="googletesting3" time="0.029">
    <failure type="java.lang.NullPointerException" message="Cannot invoke &amp;quot;org.openqa.selenium.WebDriver.findElement(org.openqa.selenium.By)&amp;quot; because &amp;quot;this.driver&amp;quot; is null">
      <![CDATA[java.lang.NullPointerException: Cannot invoke "org.openqa.selenium.WebDriver.findElement(org.openqa.selenium.By)" because "this.driver" is null
at Googledemo1.googletest1.googletesting3(googletest1.java:53)
at java.base/java.util.ArrayList.forEach(ArrayList.java:1511)
... Removed 27 stack frames]]>
    </failure>
  </testcase> <!-- googletesting3 -->
  <testcase classname="Googledemo1.googletest1" name="googletesting" time="0.0">
    <ignored/>
  </testcase> <!-- googletesting -->
  <testcase classname="Googledemo1.googletest1" name="googletesting2" time="0.0">
    <ignored/>
  </testcase> <!-- googletesting2 -->
  <testcase classname="Googledemo1.googletest1" name="googletesting1" time="0.0">
    <ignored/>
  </testcase> <!-- googletesting1 -->
</testsuite> <!-- Default test(failed) -->
