<?xml version="1.0" encoding="UTF-8"?>
<!-- Generated by org.testng.reporters.JUnitXMLReporter -->
<testsuite ignored="0" hostname="DESKTOP-OSM8RH8" failures="0" tests="4" name="Default test" time="23.418" errors="0" timestamp="2024-02-24T11:14:41 IST">
  <testcase classname="Googledemo1.googletest1" name="googletesting" time="16.557"/>
  <testcase classname="Googledemo1.googletest1" name="googletesting1" time="0.028"/>
  <testcase classname="Googledemo1.googletest1" name="googletesting2" time="1.636"/>
  <testcase classname="Googledemo1.googletest1" name="googletesting3" time="5.049"/>
</testsuite> <!-- Default test -->
