<?xml version="1.0" encoding="UTF-8"?>
<!-- Generated by org.testng.reporters.JUnitXMLReporter -->
<testsuite ignored="0" hostname="DESKTOP-OSM8RH8" failures="0" tests="4" name="Test" time="41.611" errors="0" timestamp="2024-02-24T11:17:08 IST">
  <testcase classname="Googledemo1.googletest1" name="googletesting" time="30.694"/>
  <testcase classname="Googledemo1.googletest1" name="googletesting1" time="0.053"/>
  <testcase classname="Googledemo1.googletest1" name="googletesting2" time="2.151"/>
  <testcase classname="Googledemo1.googletest1" name="googletesting3" time="8.511"/>
</testsuite> <!-- Test -->
